[2022-04-11T20:18:33.300] [WARN] routeNotExist - ReferenceError: cartsApi is not defined
    at getHome (file:///D:/projects/backend/proyecto-final/src/controllers/HomeController.js:11:4)
    at Layer.handle [as handle_request] (D:\projects\backend\proyecto-final\node_modules\express\lib\router\layer.js:95:5)
    at next (D:\projects\backend\proyecto-final\node_modules\express\lib\router\route.js:137:13)
    at Route.dispatch (D:\projects\backend\proyecto-final\node_modules\express\lib\router\route.js:112:3)
    at Layer.handle [as handle_request] (D:\projects\backend\proyecto-final\node_modules\express\lib\router\layer.js:95:5)
    at D:\projects\backend\proyecto-final\node_modules\express\lib\router\index.js:281:22
    at Function.process_params (D:\projects\backend\proyecto-final\node_modules\express\lib\router\index.js:335:12)
    at next (D:\projects\backend\proyecto-final\node_modules\express\lib\router\index.js:275:10)
    at Function.handle (D:\projects\backend\proyecto-final\node_modules\express\lib\router\index.js:174:3)
    at router (D:\projects\backend\proyecto-final\node_modules\express\lib\router\index.js:47:12)
[2022-04-11T20:21:29.236] [WARN] routeNotExist - ReferenceError: cartsApi is not defined
    at getHome (file:///D:/projects/backend/proyecto-final/src/controllers/HomeController.js:11:4)
    at Layer.handle [as handle_request] (D:\projects\backend\proyecto-final\node_modules\express\lib\router\layer.js:95:5)
    at next (D:\projects\backend\proyecto-final\node_modules\express\lib\router\route.js:137:13)
    at Route.dispatch (D:\projects\backend\proyecto-final\node_modules\express\lib\router\route.js:112:3)
    at Layer.handle [as handle_request] (D:\projects\backend\proyecto-final\node_modules\express\lib\router\layer.js:95:5)
    at D:\projects\backend\proyecto-final\node_modules\express\lib\router\index.js:281:22
    at Function.process_params (D:\projects\backend\proyecto-final\node_modules\express\lib\router\index.js:335:12)
    at next (D:\projects\backend\proyecto-final\node_modules\express\lib\router\index.js:275:10)
    at Function.handle (D:\projects\backend\proyecto-final\node_modules\express\lib\router\index.js:174:3)
    at router (D:\projects\backend\proyecto-final\node_modules\express\lib\router\index.js:47:12)
[2022-04-11T20:25:22.178] [WARN] routeNotExist - ReferenceError: cartsApi is not defined
    at getHome (file:///D:/projects/backend/proyecto-final/src/controllers/HomeController.js:11:4)
    at Layer.handle [as handle_request] (D:\projects\backend\proyecto-final\node_modules\express\lib\router\layer.js:95:5)
    at next (D:\projects\backend\proyecto-final\node_modules\express\lib\router\route.js:137:13)
    at Route.dispatch (D:\projects\backend\proyecto-final\node_modules\express\lib\router\route.js:112:3)
    at Layer.handle [as handle_request] (D:\projects\backend\proyecto-final\node_modules\express\lib\router\layer.js:95:5)
    at D:\projects\backend\proyecto-final\node_modules\express\lib\router\index.js:281:22
    at Function.process_params (D:\projects\backend\proyecto-final\node_modules\express\lib\router\index.js:335:12)
    at next (D:\projects\backend\proyecto-final\node_modules\express\lib\router\index.js:275:10)
    at Function.handle (D:\projects\backend\proyecto-final\node_modules\express\lib\router\index.js:174:3)
    at router (D:\projects\backend\proyecto-final\node_modules\express\lib\router\index.js:47:12)
[2022-04-11T20:25:35.439] [WARN] routeNotExist - ReferenceError: cartsApi is not defined
    at getHome (file:///D:/projects/backend/proyecto-final/src/controllers/HomeController.js:11:4)
    at Layer.handle [as handle_request] (D:\projects\backend\proyecto-final\node_modules\express\lib\router\layer.js:95:5)
    at next (D:\projects\backend\proyecto-final\node_modules\express\lib\router\route.js:137:13)
    at Route.dispatch (D:\projects\backend\proyecto-final\node_modules\express\lib\router\route.js:112:3)
    at Layer.handle [as handle_request] (D:\projects\backend\proyecto-final\node_modules\express\lib\router\layer.js:95:5)
    at D:\projects\backend\proyecto-final\node_modules\express\lib\router\index.js:281:22
    at Function.process_params (D:\projects\backend\proyecto-final\node_modules\express\lib\router\index.js:335:12)
    at next (D:\projects\backend\proyecto-final\node_modules\express\lib\router\index.js:275:10)
    at Function.handle (D:\projects\backend\proyecto-final\node_modules\express\lib\router\index.js:174:3)
    at router (D:\projects\backend\proyecto-final\node_modules\express\lib\router\index.js:47:12)
[2022-04-11T20:25:38.099] [WARN] routeNotExist - ReferenceError: cartsApi is not defined
    at getHome (file:///D:/projects/backend/proyecto-final/src/controllers/HomeController.js:11:4)
    at Layer.handle [as handle_request] (D:\projects\backend\proyecto-final\node_modules\express\lib\router\layer.js:95:5)
    at next (D:\projects\backend\proyecto-final\node_modules\express\lib\router\route.js:137:13)
    at Route.dispatch (D:\projects\backend\proyecto-final\node_modules\express\lib\router\route.js:112:3)
    at Layer.handle [as handle_request] (D:\projects\backend\proyecto-final\node_modules\express\lib\router\layer.js:95:5)
    at D:\projects\backend\proyecto-final\node_modules\express\lib\router\index.js:281:22
    at Function.process_params (D:\projects\backend\proyecto-final\node_modules\express\lib\router\index.js:335:12)
    at next (D:\projects\backend\proyecto-final\node_modules\express\lib\router\index.js:275:10)
    at Function.handle (D:\projects\backend\proyecto-final\node_modules\express\lib\router\index.js:174:3)
    at router (D:\projects\backend\proyecto-final\node_modules\express\lib\router\index.js:47:12)
[2022-04-11T22:01:16.258] [WARN] routeNotExist - ReferenceError: req is not defined
    at getProfile (file:///D:/projects/backend/proyecto-final/src/controllers/UserController.js:9:21)
    at Layer.handle [as handle_request] (D:\projects\backend\proyecto-final\node_modules\express\lib\router\layer.js:95:5)
    at next (D:\projects\backend\proyecto-final\node_modules\express\lib\router\route.js:137:13)
    at Route.dispatch (D:\projects\backend\proyecto-final\node_modules\express\lib\router\route.js:112:3)
    at Layer.handle [as handle_request] (D:\projects\backend\proyecto-final\node_modules\express\lib\router\layer.js:95:5)
    at D:\projects\backend\proyecto-final\node_modules\express\lib\router\index.js:281:22
    at Function.process_params (D:\projects\backend\proyecto-final\node_modules\express\lib\router\index.js:335:12)
    at next (D:\projects\backend\proyecto-final\node_modules\express\lib\router\index.js:275:10)
    at Function.handle (D:\projects\backend\proyecto-final\node_modules\express\lib\router\index.js:174:3)
    at router (D:\projects\backend\proyecto-final\node_modules\express\lib\router\index.js:47:12)
[2022-04-12T08:11:45.654] [WARN] routeNotExist - ReferenceError: Cannot access 'product' before initialization
    at getFormEdit (file:///D:/projects/backend/proyecto-final/src/controllers/ProductsController.js:49:20)
    at Layer.handle [as handle_request] (D:\projects\backend\proyecto-final\node_modules\express\lib\router\layer.js:95:5)
    at next (D:\projects\backend\proyecto-final\node_modules\express\lib\router\route.js:137:13)
    at Route.dispatch (D:\projects\backend\proyecto-final\node_modules\express\lib\router\route.js:112:3)
    at Layer.handle [as handle_request] (D:\projects\backend\proyecto-final\node_modules\express\lib\router\layer.js:95:5)
    at D:\projects\backend\proyecto-final\node_modules\express\lib\router\index.js:281:22
    at param (D:\projects\backend\proyecto-final\node_modules\express\lib\router\index.js:354:14)
    at param (D:\projects\backend\proyecto-final\node_modules\express\lib\router\index.js:365:14)
    at Function.process_params (D:\projects\backend\proyecto-final\node_modules\express\lib\router\index.js:410:3)
    at next (D:\projects\backend\proyecto-final\node_modules\express\lib\router\index.js:275:10)
[2022-04-12T08:11:51.784] [WARN] routeNotExist - ReferenceError: Cannot access 'product' before initialization
    at getById (file:///D:/projects/backend/proyecto-final/src/controllers/ProductsController.js:39:20)
    at Layer.handle [as handle_request] (D:\projects\backend\proyecto-final\node_modules\express\lib\router\layer.js:95:5)
    at next (D:\projects\backend\proyecto-final\node_modules\express\lib\router\route.js:137:13)
    at Route.dispatch (D:\projects\backend\proyecto-final\node_modules\express\lib\router\route.js:112:3)
    at Layer.handle [as handle_request] (D:\projects\backend\proyecto-final\node_modules\express\lib\router\layer.js:95:5)
    at D:\projects\backend\proyecto-final\node_modules\express\lib\router\index.js:281:22
    at param (D:\projects\backend\proyecto-final\node_modules\express\lib\router\index.js:354:14)
    at param (D:\projects\backend\proyecto-final\node_modules\express\lib\router\index.js:365:14)
    at Function.process_params (D:\projects\backend\proyecto-final\node_modules\express\lib\router\index.js:410:3)
    at next (D:\projects\backend\proyecto-final\node_modules\express\lib\router\index.js:275:10)
[2022-04-12T08:12:03.199] [WARN] routeNotExist - ReferenceError: Cannot access 'product' before initialization
    at getById (file:///D:/projects/backend/proyecto-final/src/controllers/ProductsController.js:39:20)
    at Layer.handle [as handle_request] (D:\projects\backend\proyecto-final\node_modules\express\lib\router\layer.js:95:5)
    at next (D:\projects\backend\proyecto-final\node_modules\express\lib\router\route.js:137:13)
    at Route.dispatch (D:\projects\backend\proyecto-final\node_modules\express\lib\router\route.js:112:3)
    at Layer.handle [as handle_request] (D:\projects\backend\proyecto-final\node_modules\express\lib\router\layer.js:95:5)
    at D:\projects\backend\proyecto-final\node_modules\express\lib\router\index.js:281:22
    at param (D:\projects\backend\proyecto-final\node_modules\express\lib\router\index.js:354:14)
    at param (D:\projects\backend\proyecto-final\node_modules\express\lib\router\index.js:365:14)
    at Function.process_params (D:\projects\backend\proyecto-final\node_modules\express\lib\router\index.js:410:3)
    at next (D:\projects\backend\proyecto-final\node_modules\express\lib\router\index.js:275:10)
[2022-04-12T08:13:36.357] [WARN] routeNotExist - ReferenceError: Cannot access 'product' before initialization
    at getById (file:///D:/projects/backend/proyecto-final/src/controllers/ProductsController.js:39:20)
    at Layer.handle [as handle_request] (D:\projects\backend\proyecto-final\node_modules\express\lib\router\layer.js:95:5)
    at next (D:\projects\backend\proyecto-final\node_modules\express\lib\router\route.js:137:13)
    at Route.dispatch (D:\projects\backend\proyecto-final\node_modules\express\lib\router\route.js:112:3)
    at Layer.handle [as handle_request] (D:\projects\backend\proyecto-final\node_modules\express\lib\router\layer.js:95:5)
    at D:\projects\backend\proyecto-final\node_modules\express\lib\router\index.js:281:22
    at param (D:\projects\backend\proyecto-final\node_modules\express\lib\router\index.js:354:14)
    at param (D:\projects\backend\proyecto-final\node_modules\express\lib\router\index.js:365:14)
    at Function.process_params (D:\projects\backend\proyecto-final\node_modules\express\lib\router\index.js:410:3)
    at next (D:\projects\backend\proyecto-final\node_modules\express\lib\router\index.js:275:10)
[2022-04-12T08:15:28.827] [WARN] routeNotExist - ReferenceError: Cannot access 'product' before initialization
    at getById (file:///D:/projects/backend/proyecto-final/src/controllers/ProductsController.js:39:20)
    at Layer.handle [as handle_request] (D:\projects\backend\proyecto-final\node_modules\express\lib\router\layer.js:95:5)
    at next (D:\projects\backend\proyecto-final\node_modules\express\lib\router\route.js:137:13)
    at Route.dispatch (D:\projects\backend\proyecto-final\node_modules\express\lib\router\route.js:112:3)
    at Layer.handle [as handle_request] (D:\projects\backend\proyecto-final\node_modules\express\lib\router\layer.js:95:5)
    at D:\projects\backend\proyecto-final\node_modules\express\lib\router\index.js:281:22
    at param (D:\projects\backend\proyecto-final\node_modules\express\lib\router\index.js:354:14)
    at param (D:\projects\backend\proyecto-final\node_modules\express\lib\router\index.js:365:14)
    at Function.process_params (D:\projects\backend\proyecto-final\node_modules\express\lib\router\index.js:410:3)
    at next (D:\projects\backend\proyecto-final\node_modules\express\lib\router\index.js:275:10)
[2022-04-12T08:15:40.183] [WARN] routeNotExist - ReferenceError: Cannot access 'product' before initialization
    at getById (file:///D:/projects/backend/proyecto-final/src/controllers/ProductsController.js:39:20)
    at Layer.handle [as handle_request] (D:\projects\backend\proyecto-final\node_modules\express\lib\router\layer.js:95:5)
    at next (D:\projects\backend\proyecto-final\node_modules\express\lib\router\route.js:137:13)
    at Route.dispatch (D:\projects\backend\proyecto-final\node_modules\express\lib\router\route.js:112:3)
    at Layer.handle [as handle_request] (D:\projects\backend\proyecto-final\node_modules\express\lib\router\layer.js:95:5)
    at D:\projects\backend\proyecto-final\node_modules\express\lib\router\index.js:281:22
    at param (D:\projects\backend\proyecto-final\node_modules\express\lib\router\index.js:354:14)
    at param (D:\projects\backend\proyecto-final\node_modules\express\lib\router\index.js:365:14)
    at Function.process_params (D:\projects\backend\proyecto-final\node_modules\express\lib\router\index.js:410:3)
    at next (D:\projects\backend\proyecto-final\node_modules\express\lib\router\index.js:275:10)
[2022-04-12T08:29:12.754] [WARN] routeNotExist - ReferenceError: Cannot access 'product' before initialization
    at getById (file:///D:/projects/backend/proyecto-final/src/controllers/ProductsController.js:37:20)
    at Layer.handle [as handle_request] (D:\projects\backend\proyecto-final\node_modules\express\lib\router\layer.js:95:5)
    at next (D:\projects\backend\proyecto-final\node_modules\express\lib\router\route.js:137:13)
    at Route.dispatch (D:\projects\backend\proyecto-final\node_modules\express\lib\router\route.js:112:3)
    at Layer.handle [as handle_request] (D:\projects\backend\proyecto-final\node_modules\express\lib\router\layer.js:95:5)
    at D:\projects\backend\proyecto-final\node_modules\express\lib\router\index.js:281:22
    at param (D:\projects\backend\proyecto-final\node_modules\express\lib\router\index.js:354:14)
    at param (D:\projects\backend\proyecto-final\node_modules\express\lib\router\index.js:365:14)
    at Function.process_params (D:\projects\backend\proyecto-final\node_modules\express\lib\router\index.js:410:3)
    at next (D:\projects\backend\proyecto-final\node_modules\express\lib\router\index.js:275:10)
[2022-04-12T08:30:05.979] [WARN] routeNotExist - ReferenceError: Cannot access 'product' before initialization
    at getById (file:///D:/projects/backend/proyecto-final/src/controllers/ProductsController.js:38:20)
    at Layer.handle [as handle_request] (D:\projects\backend\proyecto-final\node_modules\express\lib\router\layer.js:95:5)
    at next (D:\projects\backend\proyecto-final\node_modules\express\lib\router\route.js:137:13)
    at Route.dispatch (D:\projects\backend\proyecto-final\node_modules\express\lib\router\route.js:112:3)
    at Layer.handle [as handle_request] (D:\projects\backend\proyecto-final\node_modules\express\lib\router\layer.js:95:5)
    at D:\projects\backend\proyecto-final\node_modules\express\lib\router\index.js:281:22
    at param (D:\projects\backend\proyecto-final\node_modules\express\lib\router\index.js:354:14)
    at param (D:\projects\backend\proyecto-final\node_modules\express\lib\router\index.js:365:14)
    at Function.process_params (D:\projects\backend\proyecto-final\node_modules\express\lib\router\index.js:410:3)
    at next (D:\projects\backend\proyecto-final\node_modules\express\lib\router\index.js:275:10)
[2022-04-12T08:30:59.218] [WARN] routeNotExist - ReferenceError: Cannot access 'product' before initialization
    at getById (file:///D:/projects/backend/proyecto-final/src/controllers/ProductsController.js:38:20)
    at Layer.handle [as handle_request] (D:\projects\backend\proyecto-final\node_modules\express\lib\router\layer.js:95:5)
    at next (D:\projects\backend\proyecto-final\node_modules\express\lib\router\route.js:137:13)
    at Route.dispatch (D:\projects\backend\proyecto-final\node_modules\express\lib\router\route.js:112:3)
    at Layer.handle [as handle_request] (D:\projects\backend\proyecto-final\node_modules\express\lib\router\layer.js:95:5)
    at D:\projects\backend\proyecto-final\node_modules\express\lib\router\index.js:281:22
    at param (D:\projects\backend\proyecto-final\node_modules\express\lib\router\index.js:354:14)
    at param (D:\projects\backend\proyecto-final\node_modules\express\lib\router\index.js:365:14)
    at Function.process_params (D:\projects\backend\proyecto-final\node_modules\express\lib\router\index.js:410:3)
    at next (D:\projects\backend\proyecto-final\node_modules\express\lib\router\index.js:275:10)
[2022-04-12T08:31:51.475] [WARN] routeNotExist - ReferenceError: Cannot access 'product' before initialization
    at getById (file:///D:/projects/backend/proyecto-final/src/controllers/ProductsController.js:38:20)
    at Layer.handle [as handle_request] (D:\projects\backend\proyecto-final\node_modules\express\lib\router\layer.js:95:5)
    at next (D:\projects\backend\proyecto-final\node_modules\express\lib\router\route.js:137:13)
    at Route.dispatch (D:\projects\backend\proyecto-final\node_modules\express\lib\router\route.js:112:3)
    at Layer.handle [as handle_request] (D:\projects\backend\proyecto-final\node_modules\express\lib\router\layer.js:95:5)
    at D:\projects\backend\proyecto-final\node_modules\express\lib\router\index.js:281:22
    at param (D:\projects\backend\proyecto-final\node_modules\express\lib\router\index.js:354:14)
    at param (D:\projects\backend\proyecto-final\node_modules\express\lib\router\index.js:365:14)
    at Function.process_params (D:\projects\backend\proyecto-final\node_modules\express\lib\router\index.js:410:3)
    at next (D:\projects\backend\proyecto-final\node_modules\express\lib\router\index.js:275:10)
[2022-04-12T08:32:05.103] [WARN] routeNotExist - ReferenceError: Cannot access 'product' before initialization
    at getById (file:///D:/projects/backend/proyecto-final/src/controllers/ProductsController.js:37:20)
    at Layer.handle [as handle_request] (D:\projects\backend\proyecto-final\node_modules\express\lib\router\layer.js:95:5)
    at next (D:\projects\backend\proyecto-final\node_modules\express\lib\router\route.js:137:13)
    at Route.dispatch (D:\projects\backend\proyecto-final\node_modules\express\lib\router\route.js:112:3)
    at Layer.handle [as handle_request] (D:\projects\backend\proyecto-final\node_modules\express\lib\router\layer.js:95:5)
    at D:\projects\backend\proyecto-final\node_modules\express\lib\router\index.js:281:22
    at param (D:\projects\backend\proyecto-final\node_modules\express\lib\router\index.js:354:14)
    at param (D:\projects\backend\proyecto-final\node_modules\express\lib\router\index.js:365:14)
    at Function.process_params (D:\projects\backend\proyecto-final\node_modules\express\lib\router\index.js:410:3)
    at next (D:\projects\backend\proyecto-final\node_modules\express\lib\router\index.js:275:10)
[2022-04-12T08:32:46.671] [WARN] routeNotExist - ReferenceError: Cannot access 'product' before initialization
    at getById (file:///D:/projects/backend/proyecto-final/src/controllers/ProductsController.js:37:20)
    at Layer.handle [as handle_request] (D:\projects\backend\proyecto-final\node_modules\express\lib\router\layer.js:95:5)
    at next (D:\projects\backend\proyecto-final\node_modules\express\lib\router\route.js:137:13)
    at Route.dispatch (D:\projects\backend\proyecto-final\node_modules\express\lib\router\route.js:112:3)
    at Layer.handle [as handle_request] (D:\projects\backend\proyecto-final\node_modules\express\lib\router\layer.js:95:5)
    at D:\projects\backend\proyecto-final\node_modules\express\lib\router\index.js:281:22
    at param (D:\projects\backend\proyecto-final\node_modules\express\lib\router\index.js:354:14)
    at param (D:\projects\backend\proyecto-final\node_modules\express\lib\router\index.js:365:14)
    at Function.process_params (D:\projects\backend\proyecto-final\node_modules\express\lib\router\index.js:410:3)
    at next (D:\projects\backend\proyecto-final\node_modules\express\lib\router\index.js:275:10)
[2022-04-12T18:13:53.347] [WARN] routeNotExist - ReferenceError: Cannot access 'product' before initialization
    at getById (file:///D:/projects/backend/proyecto-final/src/controllers/ProductsController.js:37:20)
    at Layer.handle [as handle_request] (D:\projects\backend\proyecto-final\node_modules\express\lib\router\layer.js:95:5)
    at next (D:\projects\backend\proyecto-final\node_modules\express\lib\router\route.js:137:13)
    at Route.dispatch (D:\projects\backend\proyecto-final\node_modules\express\lib\router\route.js:112:3)
    at Layer.handle [as handle_request] (D:\projects\backend\proyecto-final\node_modules\express\lib\router\layer.js:95:5)
    at D:\projects\backend\proyecto-final\node_modules\express\lib\router\index.js:281:22
    at param (D:\projects\backend\proyecto-final\node_modules\express\lib\router\index.js:354:14)
    at param (D:\projects\backend\proyecto-final\node_modules\express\lib\router\index.js:365:14)
    at Function.process_params (D:\projects\backend\proyecto-final\node_modules\express\lib\router\index.js:410:3)
    at next (D:\projects\backend\proyecto-final\node_modules\express\lib\router\index.js:275:10)
[2022-04-12T18:14:24.015] [WARN] routeNotExist - ReferenceError: Cannot access 'product' before initialization
    at getById (file:///D:/projects/backend/proyecto-final/src/controllers/ProductsController.js:37:20)
    at Layer.handle [as handle_request] (D:\projects\backend\proyecto-final\node_modules\express\lib\router\layer.js:95:5)
    at next (D:\projects\backend\proyecto-final\node_modules\express\lib\router\route.js:137:13)
    at Route.dispatch (D:\projects\backend\proyecto-final\node_modules\express\lib\router\route.js:112:3)
    at Layer.handle [as handle_request] (D:\projects\backend\proyecto-final\node_modules\express\lib\router\layer.js:95:5)
    at D:\projects\backend\proyecto-final\node_modules\express\lib\router\index.js:281:22
    at param (D:\projects\backend\proyecto-final\node_modules\express\lib\router\index.js:354:14)
    at param (D:\projects\backend\proyecto-final\node_modules\express\lib\router\index.js:365:14)
    at Function.process_params (D:\projects\backend\proyecto-final\node_modules\express\lib\router\index.js:410:3)
    at next (D:\projects\backend\proyecto-final\node_modules\express\lib\router\index.js:275:10)
[2022-04-12T18:15:39.387] [WARN] routeNotExist - ReferenceError: Cannot access 'product' before initialization
    at getById (file:///D:/projects/backend/proyecto-final/src/controllers/ProductsController.js:38:20)
    at Layer.handle [as handle_request] (D:\projects\backend\proyecto-final\node_modules\express\lib\router\layer.js:95:5)
    at next (D:\projects\backend\proyecto-final\node_modules\express\lib\router\route.js:137:13)
    at Route.dispatch (D:\projects\backend\proyecto-final\node_modules\express\lib\router\route.js:112:3)
    at Layer.handle [as handle_request] (D:\projects\backend\proyecto-final\node_modules\express\lib\router\layer.js:95:5)
    at D:\projects\backend\proyecto-final\node_modules\express\lib\router\index.js:281:22
    at param (D:\projects\backend\proyecto-final\node_modules\express\lib\router\index.js:354:14)
    at param (D:\projects\backend\proyecto-final\node_modules\express\lib\router\index.js:365:14)
    at Function.process_params (D:\projects\backend\proyecto-final\node_modules\express\lib\router\index.js:410:3)
    at next (D:\projects\backend\proyecto-final\node_modules\express\lib\router\index.js:275:10)
[2022-04-12T22:42:41.138] [WARN] routeNotExist - ReferenceError: Cannot access 'cart' before initialization
    at getById (file:///D:/projects/backend/proyecto-final/src/controllers/CartController.js:36:17)
    at Layer.handle [as handle_request] (D:\projects\backend\proyecto-final\node_modules\express\lib\router\layer.js:95:5)
    at next (D:\projects\backend\proyecto-final\node_modules\express\lib\router\route.js:137:13)
    at Route.dispatch (D:\projects\backend\proyecto-final\node_modules\express\lib\router\route.js:112:3)
    at Layer.handle [as handle_request] (D:\projects\backend\proyecto-final\node_modules\express\lib\router\layer.js:95:5)
    at D:\projects\backend\proyecto-final\node_modules\express\lib\router\index.js:281:22
    at param (D:\projects\backend\proyecto-final\node_modules\express\lib\router\index.js:354:14)
    at param (D:\projects\backend\proyecto-final\node_modules\express\lib\router\index.js:365:14)
    at Function.process_params (D:\projects\backend\proyecto-final\node_modules\express\lib\router\index.js:410:3)
    at next (D:\projects\backend\proyecto-final\node_modules\express\lib\router\index.js:275:10)
[2022-04-12T22:42:48.096] [WARN] routeNotExist - ReferenceError: Cannot access 'cart' before initialization
    at getById (file:///D:/projects/backend/proyecto-final/src/controllers/CartController.js:36:17)
    at Layer.handle [as handle_request] (D:\projects\backend\proyecto-final\node_modules\express\lib\router\layer.js:95:5)
    at next (D:\projects\backend\proyecto-final\node_modules\express\lib\router\route.js:137:13)
    at Route.dispatch (D:\projects\backend\proyecto-final\node_modules\express\lib\router\route.js:112:3)
    at Layer.handle [as handle_request] (D:\projects\backend\proyecto-final\node_modules\express\lib\router\layer.js:95:5)
    at D:\projects\backend\proyecto-final\node_modules\express\lib\router\index.js:281:22
    at param (D:\projects\backend\proyecto-final\node_modules\express\lib\router\index.js:354:14)
    at param (D:\projects\backend\proyecto-final\node_modules\express\lib\router\index.js:365:14)
    at Function.process_params (D:\projects\backend\proyecto-final\node_modules\express\lib\router\index.js:410:3)
    at next (D:\projects\backend\proyecto-final\node_modules\express\lib\router\index.js:275:10)
[2022-04-12T22:43:12.878] [WARN] routeNotExist - ReferenceError: Cannot access 'cart' before initialization
    at getById (file:///D:/projects/backend/proyecto-final/src/controllers/CartController.js:36:17)
    at Layer.handle [as handle_request] (D:\projects\backend\proyecto-final\node_modules\express\lib\router\layer.js:95:5)
    at next (D:\projects\backend\proyecto-final\node_modules\express\lib\router\route.js:137:13)
    at Route.dispatch (D:\projects\backend\proyecto-final\node_modules\express\lib\router\route.js:112:3)
    at Layer.handle [as handle_request] (D:\projects\backend\proyecto-final\node_modules\express\lib\router\layer.js:95:5)
    at D:\projects\backend\proyecto-final\node_modules\express\lib\router\index.js:281:22
    at param (D:\projects\backend\proyecto-final\node_modules\express\lib\router\index.js:354:14)
    at param (D:\projects\backend\proyecto-final\node_modules\express\lib\router\index.js:365:14)
    at Function.process_params (D:\projects\backend\proyecto-final\node_modules\express\lib\router\index.js:410:3)
    at next (D:\projects\backend\proyecto-final\node_modules\express\lib\router\index.js:275:10)
[2022-04-14T10:27:25.059] [WARN] routeNotExist - TypeError: Cannot read properties of undefined (reading 'products')
    at getById (file:///D:/projects/backend/proyecto-final/src/controllers/CartController.js:37:22)
    at processTicksAndRejections (node:internal/process/task_queues:96:5)
[2022-04-14T10:29:24.027] [WARN] routeNotExist - TypeError: Cannot read properties of undefined (reading 'products')
    at getById (file:///D:/projects/backend/proyecto-final/src/controllers/CartController.js:37:22)
    at processTicksAndRejections (node:internal/process/task_queues:96:5)
[2022-04-14T10:29:53.696] [WARN] routeNotExist - TypeError: Cannot read properties of undefined (reading 'products')
    at getById (file:///D:/projects/backend/proyecto-final/src/controllers/CartController.js:37:22)
    at processTicksAndRejections (node:internal/process/task_queues:96:5)
[2022-04-14T10:41:10.803] [WARN] routeNotExist - TypeError: Cannot read properties of undefined (reading 'products')
    at getById (file:///D:/projects/backend/proyecto-final/src/controllers/CartController.js:37:22)
    at processTicksAndRejections (node:internal/process/task_queues:96:5)
[2022-04-14T10:41:54.943] [WARN] routeNotExist - TypeError: Cannot read properties of undefined (reading 'products')
    at getById (file:///D:/projects/backend/proyecto-final/src/controllers/CartController.js:37:22)
    at processTicksAndRejections (node:internal/process/task_queues:96:5)
[2022-04-14T11:04:58.493] [WARN] routeNotExist - TypeError: Cannot read properties of undefined (reading 'products')
    at getById (file:///D:/projects/backend/proyecto-final/src/controllers/CartController.js:37:22)
    at runMicrotasks (<anonymous>)
    at processTicksAndRejections (node:internal/process/task_queues:96:5)
[2022-04-14T11:05:28.540] [WARN] routeNotExist - TypeError: Cannot read properties of undefined (reading 'products')
    at getById (file:///D:/projects/backend/proyecto-final/src/controllers/CartController.js:37:22)
    at runMicrotasks (<anonymous>)
    at processTicksAndRejections (node:internal/process/task_queues:96:5)
[2022-04-14T11:05:50.119] [WARN] routeNotExist - TypeError: Cannot read properties of undefined (reading 'products')
    at getById (file:///D:/projects/backend/proyecto-final/src/controllers/CartController.js:37:22)
    at runMicrotasks (<anonymous>)
    at processTicksAndRejections (node:internal/process/task_queues:96:5)
[2022-04-16T19:42:43.343] [WARN] routeNotExist - ReferenceError: hola is not defined
    at addProductCart (file:///D:/projects/backend/proyecto-final/src/controllers/CartController.js:63:16)
    at processTicksAndRejections (node:internal/process/task_queues:96:5)
[2022-04-16T19:43:45.351] [WARN] routeNotExist - ReferenceError: hola is not defined
    at addProductCart (file:///D:/projects/backend/proyecto-final/src/controllers/CartController.js:63:16)
    at processTicksAndRejections (node:internal/process/task_queues:96:5)
[2022-04-16T19:44:02.055] [WARN] routeNotExist - ReferenceError: hola is not defined
    at addProductCart (file:///D:/projects/backend/proyecto-final/src/controllers/CartController.js:63:16)
    at processTicksAndRejections (node:internal/process/task_queues:96:5)
[2022-04-16T19:45:19.230] [WARN] routeNotExist - ReferenceError: hola is not defined
    at addProductCart (file:///D:/projects/backend/proyecto-final/src/controllers/CartController.js:63:16)
    at processTicksAndRejections (node:internal/process/task_queues:96:5)
[2022-04-16T19:46:36.138] [WARN] routeNotExist - ReferenceError: hola is not defined
    at addProductCart (file:///D:/projects/backend/proyecto-final/src/controllers/CartController.js:63:16)
    at processTicksAndRejections (node:internal/process/task_queues:96:5)
[2022-04-16T19:46:37.411] [WARN] routeNotExist - ReferenceError: hola is not defined
    at addProductCart (file:///D:/projects/backend/proyecto-final/src/controllers/CartController.js:63:16)
    at processTicksAndRejections (node:internal/process/task_queues:96:5)
[2022-04-16T19:49:14.278] [WARN] routeNotExist - ReferenceError: hola is not defined
    at addProductCart (file:///D:/projects/backend/proyecto-final/src/controllers/CartController.js:63:16)
    at processTicksAndRejections (node:internal/process/task_queues:96:5)
[2022-04-16T19:49:53.493] [WARN] routeNotExist - ReferenceError: hola is not defined
    at addProductCart (file:///D:/projects/backend/proyecto-final/src/controllers/CartController.js:63:16)
    at processTicksAndRejections (node:internal/process/task_queues:96:5)
[2022-04-16T19:49:54.667] [WARN] routeNotExist - ReferenceError: hola is not defined
    at addProductCart (file:///D:/projects/backend/proyecto-final/src/controllers/CartController.js:63:16)
    at processTicksAndRejections (node:internal/process/task_queues:96:5)
[2022-04-16T19:50:12.727] [WARN] routeNotExist - ReferenceError: hola is not defined
    at addProductCart (file:///D:/projects/backend/proyecto-final/src/controllers/CartController.js:61:16)
    at Layer.handle [as handle_request] (D:\projects\backend\proyecto-final\node_modules\express\lib\router\layer.js:95:5)
    at next (D:\projects\backend\proyecto-final\node_modules\express\lib\router\route.js:137:13)
    at Route.dispatch (D:\projects\backend\proyecto-final\node_modules\express\lib\router\route.js:112:3)
    at Layer.handle [as handle_request] (D:\projects\backend\proyecto-final\node_modules\express\lib\router\layer.js:95:5)
    at D:\projects\backend\proyecto-final\node_modules\express\lib\router\index.js:281:22
    at param (D:\projects\backend\proyecto-final\node_modules\express\lib\router\index.js:354:14)
    at param (D:\projects\backend\proyecto-final\node_modules\express\lib\router\index.js:365:14)
    at Function.process_params (D:\projects\backend\proyecto-final\node_modules\express\lib\router\index.js:410:3)
    at next (D:\projects\backend\proyecto-final\node_modules\express\lib\router\index.js:275:10)
[2022-04-16T19:50:13.927] [WARN] routeNotExist - ReferenceError: hola is not defined
    at addProductCart (file:///D:/projects/backend/proyecto-final/src/controllers/CartController.js:61:16)
    at Layer.handle [as handle_request] (D:\projects\backend\proyecto-final\node_modules\express\lib\router\layer.js:95:5)
    at next (D:\projects\backend\proyecto-final\node_modules\express\lib\router\route.js:137:13)
    at Route.dispatch (D:\projects\backend\proyecto-final\node_modules\express\lib\router\route.js:112:3)
    at Layer.handle [as handle_request] (D:\projects\backend\proyecto-final\node_modules\express\lib\router\layer.js:95:5)
    at D:\projects\backend\proyecto-final\node_modules\express\lib\router\index.js:281:22
    at param (D:\projects\backend\proyecto-final\node_modules\express\lib\router\index.js:354:14)
    at param (D:\projects\backend\proyecto-final\node_modules\express\lib\router\index.js:365:14)
    at Function.process_params (D:\projects\backend\proyecto-final\node_modules\express\lib\router\index.js:410:3)
    at next (D:\projects\backend\proyecto-final\node_modules\express\lib\router\index.js:275:10)
[2022-04-16T19:52:11.223] [WARN] routeNotExist - ReferenceError: hola is not defined
    at addProductCart (file:///D:/projects/backend/proyecto-final/src/controllers/CartController.js:61:16)
    at Layer.handle [as handle_request] (D:\projects\backend\proyecto-final\node_modules\express\lib\router\layer.js:95:5)
    at next (D:\projects\backend\proyecto-final\node_modules\express\lib\router\route.js:137:13)
    at Route.dispatch (D:\projects\backend\proyecto-final\node_modules\express\lib\router\route.js:112:3)
    at Layer.handle [as handle_request] (D:\projects\backend\proyecto-final\node_modules\express\lib\router\layer.js:95:5)
    at D:\projects\backend\proyecto-final\node_modules\express\lib\router\index.js:281:22
    at param (D:\projects\backend\proyecto-final\node_modules\express\lib\router\index.js:354:14)
    at param (D:\projects\backend\proyecto-final\node_modules\express\lib\router\index.js:365:14)
    at Function.process_params (D:\projects\backend\proyecto-final\node_modules\express\lib\router\index.js:410:3)
    at next (D:\projects\backend\proyecto-final\node_modules\express\lib\router\index.js:275:10)
[2022-04-16T19:52:11.264] [WARN] routeNotExist - ReferenceError: hola is not defined
    at addProductCart (file:///D:/projects/backend/proyecto-final/src/controllers/CartController.js:61:16)
    at Layer.handle [as handle_request] (D:\projects\backend\proyecto-final\node_modules\express\lib\router\layer.js:95:5)
    at next (D:\projects\backend\proyecto-final\node_modules\express\lib\router\route.js:137:13)
    at Route.dispatch (D:\projects\backend\proyecto-final\node_modules\express\lib\router\route.js:112:3)
    at Layer.handle [as handle_request] (D:\projects\backend\proyecto-final\node_modules\express\lib\router\layer.js:95:5)
    at D:\projects\backend\proyecto-final\node_modules\express\lib\router\index.js:281:22
    at param (D:\projects\backend\proyecto-final\node_modules\express\lib\router\index.js:354:14)
    at param (D:\projects\backend\proyecto-final\node_modules\express\lib\router\index.js:365:14)
    at Function.process_params (D:\projects\backend\proyecto-final\node_modules\express\lib\router\index.js:410:3)
    at next (D:\projects\backend\proyecto-final\node_modules\express\lib\router\index.js:275:10)
[2022-04-16T19:52:20.791] [WARN] routeNotExist - ReferenceError: hola is not defined
    at addProductCart (file:///D:/projects/backend/proyecto-final/src/controllers/CartController.js:61:16)
    at Layer.handle [as handle_request] (D:\projects\backend\proyecto-final\node_modules\express\lib\router\layer.js:95:5)
    at next (D:\projects\backend\proyecto-final\node_modules\express\lib\router\route.js:137:13)
    at Route.dispatch (D:\projects\backend\proyecto-final\node_modules\express\lib\router\route.js:112:3)
    at Layer.handle [as handle_request] (D:\projects\backend\proyecto-final\node_modules\express\lib\router\layer.js:95:5)
    at D:\projects\backend\proyecto-final\node_modules\express\lib\router\index.js:281:22
    at param (D:\projects\backend\proyecto-final\node_modules\express\lib\router\index.js:354:14)
    at param (D:\projects\backend\proyecto-final\node_modules\express\lib\router\index.js:365:14)
    at Function.process_params (D:\projects\backend\proyecto-final\node_modules\express\lib\router\index.js:410:3)
    at next (D:\projects\backend\proyecto-final\node_modules\express\lib\router\index.js:275:10)
[2022-04-16T19:53:54.611] [WARN] routeNotExist - ReferenceError: hola is not defined
    at addProductCart (file:///D:/projects/backend/proyecto-final/src/controllers/CartController.js:61:16)
    at Layer.handle [as handle_request] (D:\projects\backend\proyecto-final\node_modules\express\lib\router\layer.js:95:5)
    at next (D:\projects\backend\proyecto-final\node_modules\express\lib\router\route.js:137:13)
    at Route.dispatch (D:\projects\backend\proyecto-final\node_modules\express\lib\router\route.js:112:3)
    at Layer.handle [as handle_request] (D:\projects\backend\proyecto-final\node_modules\express\lib\router\layer.js:95:5)
    at D:\projects\backend\proyecto-final\node_modules\express\lib\router\index.js:281:22
    at param (D:\projects\backend\proyecto-final\node_modules\express\lib\router\index.js:354:14)
    at param (D:\projects\backend\proyecto-final\node_modules\express\lib\router\index.js:365:14)
    at Function.process_params (D:\projects\backend\proyecto-final\node_modules\express\lib\router\index.js:410:3)
    at next (D:\projects\backend\proyecto-final\node_modules\express\lib\router\index.js:275:10)
[2022-04-16T20:01:05.734] [WARN] routeNotExist - ReferenceError: hola is not defined
    at addProductCart (file:///D:/projects/backend/proyecto-final/src/controllers/CartController.js:61:16)
    at Layer.handle [as handle_request] (D:\projects\backend\proyecto-final\node_modules\express\lib\router\layer.js:95:5)
    at next (D:\projects\backend\proyecto-final\node_modules\express\lib\router\route.js:137:13)
    at Route.dispatch (D:\projects\backend\proyecto-final\node_modules\express\lib\router\route.js:112:3)
    at Layer.handle [as handle_request] (D:\projects\backend\proyecto-final\node_modules\express\lib\router\layer.js:95:5)
    at D:\projects\backend\proyecto-final\node_modules\express\lib\router\index.js:281:22
    at param (D:\projects\backend\proyecto-final\node_modules\express\lib\router\index.js:354:14)
    at param (D:\projects\backend\proyecto-final\node_modules\express\lib\router\index.js:365:14)
    at Function.process_params (D:\projects\backend\proyecto-final\node_modules\express\lib\router\index.js:410:3)
    at next (D:\projects\backend\proyecto-final\node_modules\express\lib\router\index.js:275:10)
[2022-04-16T20:02:40.785] [WARN] routeNotExist - ReferenceError: hola is not defined
    at addProductCart (file:///D:/projects/backend/proyecto-final/src/controllers/CartController.js:61:16)
    at Layer.handle [as handle_request] (D:\projects\backend\proyecto-final\node_modules\express\lib\router\layer.js:95:5)
    at next (D:\projects\backend\proyecto-final\node_modules\express\lib\router\route.js:137:13)
    at Route.dispatch (D:\projects\backend\proyecto-final\node_modules\express\lib\router\route.js:112:3)
    at Layer.handle [as handle_request] (D:\projects\backend\proyecto-final\node_modules\express\lib\router\layer.js:95:5)
    at D:\projects\backend\proyecto-final\node_modules\express\lib\router\index.js:281:22
    at param (D:\projects\backend\proyecto-final\node_modules\express\lib\router\index.js:354:14)
    at param (D:\projects\backend\proyecto-final\node_modules\express\lib\router\index.js:365:14)
    at Function.process_params (D:\projects\backend\proyecto-final\node_modules\express\lib\router\index.js:410:3)
    at next (D:\projects\backend\proyecto-final\node_modules\express\lib\router\index.js:275:10)
[2022-04-16T20:03:39.585] [WARN] routeNotExist - ReferenceError: hola is not defined
    at addProductCart (file:///D:/projects/backend/proyecto-final/src/controllers/CartController.js:61:16)
    at Layer.handle [as handle_request] (D:\projects\backend\proyecto-final\node_modules\express\lib\router\layer.js:95:5)
    at next (D:\projects\backend\proyecto-final\node_modules\express\lib\router\route.js:137:13)
    at Route.dispatch (D:\projects\backend\proyecto-final\node_modules\express\lib\router\route.js:112:3)
    at Layer.handle [as handle_request] (D:\projects\backend\proyecto-final\node_modules\express\lib\router\layer.js:95:5)
    at D:\projects\backend\proyecto-final\node_modules\express\lib\router\index.js:281:22
    at param (D:\projects\backend\proyecto-final\node_modules\express\lib\router\index.js:354:14)
    at param (D:\projects\backend\proyecto-final\node_modules\express\lib\router\index.js:365:14)
    at Function.process_params (D:\projects\backend\proyecto-final\node_modules\express\lib\router\index.js:410:3)
    at next (D:\projects\backend\proyecto-final\node_modules\express\lib\router\index.js:275:10)
[2022-04-16T20:03:57.976] [WARN] routeNotExist - ReferenceError: hola is not defined
    at addProductCart (file:///D:/projects/backend/proyecto-final/src/controllers/CartController.js:61:16)
    at Layer.handle [as handle_request] (D:\projects\backend\proyecto-final\node_modules\express\lib\router\layer.js:95:5)
    at next (D:\projects\backend\proyecto-final\node_modules\express\lib\router\route.js:137:13)
    at Route.dispatch (D:\projects\backend\proyecto-final\node_modules\express\lib\router\route.js:112:3)
    at Layer.handle [as handle_request] (D:\projects\backend\proyecto-final\node_modules\express\lib\router\layer.js:95:5)
    at D:\projects\backend\proyecto-final\node_modules\express\lib\router\index.js:281:22
    at param (D:\projects\backend\proyecto-final\node_modules\express\lib\router\index.js:354:14)
    at param (D:\projects\backend\proyecto-final\node_modules\express\lib\router\index.js:365:14)
    at Function.process_params (D:\projects\backend\proyecto-final\node_modules\express\lib\router\index.js:410:3)
    at next (D:\projects\backend\proyecto-final\node_modules\express\lib\router\index.js:275:10)
[2022-04-16T20:03:59.229] [WARN] routeNotExist - ReferenceError: hola is not defined
    at addProductCart (file:///D:/projects/backend/proyecto-final/src/controllers/CartController.js:61:16)
    at Layer.handle [as handle_request] (D:\projects\backend\proyecto-final\node_modules\express\lib\router\layer.js:95:5)
    at next (D:\projects\backend\proyecto-final\node_modules\express\lib\router\route.js:137:13)
    at Route.dispatch (D:\projects\backend\proyecto-final\node_modules\express\lib\router\route.js:112:3)
    at Layer.handle [as handle_request] (D:\projects\backend\proyecto-final\node_modules\express\lib\router\layer.js:95:5)
    at D:\projects\backend\proyecto-final\node_modules\express\lib\router\index.js:281:22
    at param (D:\projects\backend\proyecto-final\node_modules\express\lib\router\index.js:354:14)
    at param (D:\projects\backend\proyecto-final\node_modules\express\lib\router\index.js:365:14)
    at Function.process_params (D:\projects\backend\proyecto-final\node_modules\express\lib\router\index.js:410:3)
    at next (D:\projects\backend\proyecto-final\node_modules\express\lib\router\index.js:275:10)
[2022-04-16T20:04:05.131] [WARN] routeNotExist - ReferenceError: hola is not defined
    at addProductCart (file:///D:/projects/backend/proyecto-final/src/controllers/CartController.js:61:16)
    at Layer.handle [as handle_request] (D:\projects\backend\proyecto-final\node_modules\express\lib\router\layer.js:95:5)
    at next (D:\projects\backend\proyecto-final\node_modules\express\lib\router\route.js:137:13)
    at Route.dispatch (D:\projects\backend\proyecto-final\node_modules\express\lib\router\route.js:112:3)
    at Layer.handle [as handle_request] (D:\projects\backend\proyecto-final\node_modules\express\lib\router\layer.js:95:5)
    at D:\projects\backend\proyecto-final\node_modules\express\lib\router\index.js:281:22
    at param (D:\projects\backend\proyecto-final\node_modules\express\lib\router\index.js:354:14)
    at param (D:\projects\backend\proyecto-final\node_modules\express\lib\router\index.js:365:14)
    at Function.process_params (D:\projects\backend\proyecto-final\node_modules\express\lib\router\index.js:410:3)
    at next (D:\projects\backend\proyecto-final\node_modules\express\lib\router\index.js:275:10)
[2022-04-16T20:04:07.673] [WARN] routeNotExist - ReferenceError: hola is not defined
    at addProductCart (file:///D:/projects/backend/proyecto-final/src/controllers/CartController.js:61:16)
    at Layer.handle [as handle_request] (D:\projects\backend\proyecto-final\node_modules\express\lib\router\layer.js:95:5)
    at next (D:\projects\backend\proyecto-final\node_modules\express\lib\router\route.js:137:13)
    at Route.dispatch (D:\projects\backend\proyecto-final\node_modules\express\lib\router\route.js:112:3)
    at Layer.handle [as handle_request] (D:\projects\backend\proyecto-final\node_modules\express\lib\router\layer.js:95:5)
    at D:\projects\backend\proyecto-final\node_modules\express\lib\router\index.js:281:22
    at param (D:\projects\backend\proyecto-final\node_modules\express\lib\router\index.js:354:14)
    at param (D:\projects\backend\proyecto-final\node_modules\express\lib\router\index.js:365:14)
    at Function.process_params (D:\projects\backend\proyecto-final\node_modules\express\lib\router\index.js:410:3)
    at next (D:\projects\backend\proyecto-final\node_modules\express\lib\router\index.js:275:10)
[2022-04-16T20:04:08.407] [WARN] routeNotExist - ReferenceError: hola is not defined
    at addProductCart (file:///D:/projects/backend/proyecto-final/src/controllers/CartController.js:61:16)
    at Layer.handle [as handle_request] (D:\projects\backend\proyecto-final\node_modules\express\lib\router\layer.js:95:5)
    at next (D:\projects\backend\proyecto-final\node_modules\express\lib\router\route.js:137:13)
    at Route.dispatch (D:\projects\backend\proyecto-final\node_modules\express\lib\router\route.js:112:3)
    at Layer.handle [as handle_request] (D:\projects\backend\proyecto-final\node_modules\express\lib\router\layer.js:95:5)
    at D:\projects\backend\proyecto-final\node_modules\express\lib\router\index.js:281:22
    at param (D:\projects\backend\proyecto-final\node_modules\express\lib\router\index.js:354:14)
    at param (D:\projects\backend\proyecto-final\node_modules\express\lib\router\index.js:365:14)
    at Function.process_params (D:\projects\backend\proyecto-final\node_modules\express\lib\router\index.js:410:3)
    at next (D:\projects\backend\proyecto-final\node_modules\express\lib\router\index.js:275:10)
[2022-04-16T20:05:31.153] [WARN] routeNotExist - ReferenceError: hola is not defined
    at addProductCart (file:///D:/projects/backend/proyecto-final/src/controllers/CartController.js:61:16)
    at Layer.handle [as handle_request] (D:\projects\backend\proyecto-final\node_modules\express\lib\router\layer.js:95:5)
    at next (D:\projects\backend\proyecto-final\node_modules\express\lib\router\route.js:137:13)
    at Route.dispatch (D:\projects\backend\proyecto-final\node_modules\express\lib\router\route.js:112:3)
    at Layer.handle [as handle_request] (D:\projects\backend\proyecto-final\node_modules\express\lib\router\layer.js:95:5)
    at D:\projects\backend\proyecto-final\node_modules\express\lib\router\index.js:281:22
    at param (D:\projects\backend\proyecto-final\node_modules\express\lib\router\index.js:354:14)
    at param (D:\projects\backend\proyecto-final\node_modules\express\lib\router\index.js:365:14)
    at Function.process_params (D:\projects\backend\proyecto-final\node_modules\express\lib\router\index.js:410:3)
    at next (D:\projects\backend\proyecto-final\node_modules\express\lib\router\index.js:275:10)
[2022-04-16T20:08:23.095] [WARN] routeNotExist - ReferenceError: hola is not defined
    at addProductCart (file:///D:/projects/backend/proyecto-final/src/controllers/CartController.js:61:16)
    at Layer.handle [as handle_request] (D:\projects\backend\proyecto-final\node_modules\express\lib\router\layer.js:95:5)
    at next (D:\projects\backend\proyecto-final\node_modules\express\lib\router\route.js:137:13)
    at Route.dispatch (D:\projects\backend\proyecto-final\node_modules\express\lib\router\route.js:112:3)
    at Layer.handle [as handle_request] (D:\projects\backend\proyecto-final\node_modules\express\lib\router\layer.js:95:5)
    at D:\projects\backend\proyecto-final\node_modules\express\lib\router\index.js:281:22
    at param (D:\projects\backend\proyecto-final\node_modules\express\lib\router\index.js:354:14)
    at param (D:\projects\backend\proyecto-final\node_modules\express\lib\router\index.js:365:14)
    at Function.process_params (D:\projects\backend\proyecto-final\node_modules\express\lib\router\index.js:410:3)
    at next (D:\projects\backend\proyecto-final\node_modules\express\lib\router\index.js:275:10)
[2022-04-16T20:12:15.326] [WARN] routeNotExist - ReferenceError: hola is not defined
    at addProductCart (file:///D:/projects/backend/proyecto-final/src/controllers/CartController.js:63:16)
    at processTicksAndRejections (node:internal/process/task_queues:96:5)
[2022-04-16T20:15:59.396] [WARN] routeNotExist - ReferenceError: hola is not defined
    at addProductCart (file:///D:/projects/backend/proyecto-final/src/controllers/CartController.js:63:16)
    at processTicksAndRejections (node:internal/process/task_queues:96:5)
[2022-04-16T20:16:54.490] [WARN] routeNotExist - ReferenceError: hola is not defined
    at addProductCart (file:///D:/projects/backend/proyecto-final/src/controllers/CartController.js:63:16)
    at processTicksAndRejections (node:internal/process/task_queues:96:5)
[2022-04-16T20:17:46.437] [WARN] routeNotExist - ReferenceError: hola is not defined
    at addProductCart (file:///D:/projects/backend/proyecto-final/src/controllers/CartController.js:63:16)
    at processTicksAndRejections (node:internal/process/task_queues:96:5)
[2022-04-16T20:18:22.665] [WARN] routeNotExist - ReferenceError: hola is not defined
    at addProductCart (file:///D:/projects/backend/proyecto-final/src/controllers/CartController.js:63:16)
    at processTicksAndRejections (node:internal/process/task_queues:96:5)
[2022-04-16T20:22:49.677] [WARN] routeNotExist - ReferenceError: hola is not defined
    at addProductCart (file:///D:/projects/backend/proyecto-final/src/controllers/CartController.js:63:16)
    at processTicksAndRejections (node:internal/process/task_queues:96:5)
[2022-04-16T20:34:07.290] [WARN] routeNotExist - ReferenceError: hola is not defined
    at addProductCart (file:///D:/projects/backend/proyecto-final/src/controllers/CartController.js:63:16)
    at processTicksAndRejections (node:internal/process/task_queues:96:5)
[2022-04-16T20:34:20.580] [WARN] routeNotExist - ReferenceError: hola is not defined
    at addProductCart (file:///D:/projects/backend/proyecto-final/src/controllers/CartController.js:63:16)
    at processTicksAndRejections (node:internal/process/task_queues:96:5)
[2022-04-16T20:37:14.480] [WARN] routeNotExist - ReferenceError: hola is not defined
    at addProductCart (file:///D:/projects/backend/proyecto-final/src/controllers/CartController.js:63:16)
    at processTicksAndRejections (node:internal/process/task_queues:96:5)
[2022-04-16T20:43:44.142] [WARN] routeNotExist - ReferenceError: hola is not defined
    at addProductCart (file:///D:/projects/backend/proyecto-final/src/controllers/CartController.js:63:16)
    at processTicksAndRejections (node:internal/process/task_queues:96:5)
[2022-04-16T20:44:12.342] [WARN] routeNotExist - ReferenceError: hola is not defined
    at addProductCart (file:///D:/projects/backend/proyecto-final/src/controllers/CartController.js:63:16)
    at processTicksAndRejections (node:internal/process/task_queues:96:5)
[2022-04-16T20:46:07.580] [WARN] routeNotExist - ReferenceError: hola is not defined
    at addProductCart (file:///D:/projects/backend/proyecto-final/src/controllers/CartController.js:63:16)
    at processTicksAndRejections (node:internal/process/task_queues:96:5)
[2022-04-16T20:46:10.050] [WARN] routeNotExist - ReferenceError: hola is not defined
    at addProductCart (file:///D:/projects/backend/proyecto-final/src/controllers/CartController.js:63:16)
    at processTicksAndRejections (node:internal/process/task_queues:96:5)
[2022-04-16T20:47:25.314] [WARN] routeNotExist - ReferenceError: hola is not defined
    at addProductCart (file:///D:/projects/backend/proyecto-final/src/controllers/CartController.js:63:16)
    at processTicksAndRejections (node:internal/process/task_queues:96:5)
[2022-04-16T20:47:43.999] [WARN] routeNotExist - ReferenceError: hola is not defined
    at addProductCart (file:///D:/projects/backend/proyecto-final/src/controllers/CartController.js:63:16)
    at Layer.handle [as handle_request] (D:\projects\backend\proyecto-final\node_modules\express\lib\router\layer.js:95:5)
    at next (D:\projects\backend\proyecto-final\node_modules\express\lib\router\route.js:137:13)
    at Route.dispatch (D:\projects\backend\proyecto-final\node_modules\express\lib\router\route.js:112:3)
    at Layer.handle [as handle_request] (D:\projects\backend\proyecto-final\node_modules\express\lib\router\layer.js:95:5)
    at D:\projects\backend\proyecto-final\node_modules\express\lib\router\index.js:281:22
    at param (D:\projects\backend\proyecto-final\node_modules\express\lib\router\index.js:354:14)
    at param (D:\projects\backend\proyecto-final\node_modules\express\lib\router\index.js:365:14)
    at Function.process_params (D:\projects\backend\proyecto-final\node_modules\express\lib\router\index.js:410:3)
    at next (D:\projects\backend\proyecto-final\node_modules\express\lib\router\index.js:275:10)
[2022-04-16T20:48:04.442] [WARN] routeNotExist - ReferenceError: hola is not defined
    at addProductCart (file:///D:/projects/backend/proyecto-final/src/controllers/CartController.js:63:16)
    at Layer.handle [as handle_request] (D:\projects\backend\proyecto-final\node_modules\express\lib\router\layer.js:95:5)
    at next (D:\projects\backend\proyecto-final\node_modules\express\lib\router\route.js:137:13)
    at Route.dispatch (D:\projects\backend\proyecto-final\node_modules\express\lib\router\route.js:112:3)
    at Layer.handle [as handle_request] (D:\projects\backend\proyecto-final\node_modules\express\lib\router\layer.js:95:5)
    at D:\projects\backend\proyecto-final\node_modules\express\lib\router\index.js:281:22
    at param (D:\projects\backend\proyecto-final\node_modules\express\lib\router\index.js:354:14)
    at param (D:\projects\backend\proyecto-final\node_modules\express\lib\router\index.js:365:14)
    at Function.process_params (D:\projects\backend\proyecto-final\node_modules\express\lib\router\index.js:410:3)
    at next (D:\projects\backend\proyecto-final\node_modules\express\lib\router\index.js:275:10)
[2022-04-16T22:11:24.010] [WARN] routeNotExist - TypeError: Cannot read properties of undefined (reading 'products')
    at getById (file:///D:/projects/backend/proyecto-final/src/controllers/CartController.js:37:22)
    at processTicksAndRejections (node:internal/process/task_queues:96:5)
[2022-04-17T10:40:31.864] [WARN] routeNotExist - TypeError: console is not a function
    at addProductCart (file:///D:/projects/backend/proyecto-final/src/controllers/CartController.js:63:4)
    at processTicksAndRejections (node:internal/process/task_queues:96:5)
[2022-04-17T10:40:33.128] [WARN] routeNotExist - TypeError: console is not a function
    at addProductCart (file:///D:/projects/backend/proyecto-final/src/controllers/CartController.js:63:4)
    at processTicksAndRejections (node:internal/process/task_queues:96:5)
[2022-04-17T10:40:54.949] [WARN] routeNotExist - TypeError: console is not a function
    at addProductCart (file:///D:/projects/backend/proyecto-final/src/controllers/CartController.js:63:4)
    at processTicksAndRejections (node:internal/process/task_queues:96:5)
[2022-04-17T10:42:40.802] [WARN] routeNotExist - TypeError: console is not a function
    at addProductCart (file:///D:/projects/backend/proyecto-final/src/controllers/CartController.js:63:4)
    at processTicksAndRejections (node:internal/process/task_queues:96:5)
[2022-04-17T10:44:08.333] [WARN] routeNotExist - TypeError: console is not a function
    at addProductCart (file:///D:/projects/backend/proyecto-final/src/controllers/CartController.js:63:4)
    at processTicksAndRejections (node:internal/process/task_queues:96:5)
[2022-04-17T10:56:26.973] [WARN] routeNotExist - TypeError: console is not a function
    at addProductCart (file:///D:/projects/backend/proyecto-final/src/controllers/CartController.js:63:4)
    at runMicrotasks (<anonymous>)
    at processTicksAndRejections (node:internal/process/task_queues:96:5)
[2022-04-17T11:13:18.229] [WARN] routeNotExist - TypeError: console is not a function
    at addProductCart (file:///D:/projects/backend/proyecto-final/src/controllers/CartController.js:64:4)
    at runMicrotasks (<anonymous>)
    at processTicksAndRejections (node:internal/process/task_queues:96:5)
[2022-04-17T11:17:59.098] [WARN] routeNotExist - TypeError: console is not a function
    at addProductCart (file:///D:/projects/backend/proyecto-final/src/controllers/CartController.js:64:4)
    at processTicksAndRejections (node:internal/process/task_queues:96:5)
[2022-04-17T11:21:49.014] [WARN] routeNotExist - TypeError: console is not a function
    at addProductCart (file:///D:/projects/backend/proyecto-final/src/controllers/CartController.js:64:4)
    at processTicksAndRejections (node:internal/process/task_queues:96:5)
[2022-04-17T11:28:35.143] [WARN] routeNotExist - TypeError: console is not a function
    at addProductCart (file:///D:/projects/backend/proyecto-final/src/controllers/CartController.js:64:4)
    at runMicrotasks (<anonymous>)
    at processTicksAndRejections (node:internal/process/task_queues:96:5)
[2022-04-17T20:21:59.964] [WARN] routeNotExist - TypeError: Cannot read properties of undefined (reading 'params')
    at deleteProductCart (file:///D:/projects/backend/proyecto-final/src/controllers/CartController.js:76:31)
    at Layer.handle [as handle_request] (D:\projects\backend\proyecto-final\node_modules\express\lib\router\layer.js:95:5)
    at next (D:\projects\backend\proyecto-final\node_modules\express\lib\router\route.js:137:13)
    at Route.dispatch (D:\projects\backend\proyecto-final\node_modules\express\lib\router\route.js:112:3)
    at Layer.handle [as handle_request] (D:\projects\backend\proyecto-final\node_modules\express\lib\router\layer.js:95:5)
    at D:\projects\backend\proyecto-final\node_modules\express\lib\router\index.js:281:22
    at param (D:\projects\backend\proyecto-final\node_modules\express\lib\router\index.js:354:14)
    at param (D:\projects\backend\proyecto-final\node_modules\express\lib\router\index.js:365:14)
    at param (D:\projects\backend\proyecto-final\node_modules\express\lib\router\index.js:365:14)
    at Function.process_params (D:\projects\backend\proyecto-final\node_modules\express\lib\router\index.js:410:3)
[2022-04-17T20:22:00.592] [WARN] routeNotExist - TypeError: Cannot read properties of undefined (reading 'products')
    at getById (file:///D:/projects/backend/proyecto-final/src/controllers/CartController.js:38:65)
    at processTicksAndRejections (node:internal/process/task_queues:96:5)
[2022-04-17T20:22:19.170] [WARN] routeNotExist - TypeError: Cannot read properties of undefined (reading 'products')
    at getById (file:///D:/projects/backend/proyecto-final/src/controllers/CartController.js:38:65)
    at processTicksAndRejections (node:internal/process/task_queues:96:5)
[2022-04-17T20:22:23.947] [WARN] routeNotExist - TypeError: Cannot read properties of undefined (reading 'products')
    at getById (file:///D:/projects/backend/proyecto-final/src/controllers/CartController.js:38:65)
    at processTicksAndRejections (node:internal/process/task_queues:96:5)
[2022-04-17T20:22:34.586] [WARN] routeNotExist - TypeError: Cannot read properties of undefined (reading 'params')
    at deleteProductCart (file:///D:/projects/backend/proyecto-final/src/controllers/CartController.js:76:31)
    at Layer.handle [as handle_request] (D:\projects\backend\proyecto-final\node_modules\express\lib\router\layer.js:95:5)
    at next (D:\projects\backend\proyecto-final\node_modules\express\lib\router\route.js:137:13)
    at Route.dispatch (D:\projects\backend\proyecto-final\node_modules\express\lib\router\route.js:112:3)
    at Layer.handle [as handle_request] (D:\projects\backend\proyecto-final\node_modules\express\lib\router\layer.js:95:5)
    at D:\projects\backend\proyecto-final\node_modules\express\lib\router\index.js:281:22
    at param (D:\projects\backend\proyecto-final\node_modules\express\lib\router\index.js:354:14)
    at param (D:\projects\backend\proyecto-final\node_modules\express\lib\router\index.js:365:14)
    at param (D:\projects\backend\proyecto-final\node_modules\express\lib\router\index.js:365:14)
    at Function.process_params (D:\projects\backend\proyecto-final\node_modules\express\lib\router\index.js:410:3)
[2022-04-17T20:22:38.545] [WARN] routeNotExist - TypeError: Cannot read properties of undefined (reading 'params')
    at deleteProductCart (file:///D:/projects/backend/proyecto-final/src/controllers/CartController.js:76:31)
    at Layer.handle [as handle_request] (D:\projects\backend\proyecto-final\node_modules\express\lib\router\layer.js:95:5)
    at next (D:\projects\backend\proyecto-final\node_modules\express\lib\router\route.js:137:13)
    at Route.dispatch (D:\projects\backend\proyecto-final\node_modules\express\lib\router\route.js:112:3)
    at Layer.handle [as handle_request] (D:\projects\backend\proyecto-final\node_modules\express\lib\router\layer.js:95:5)
    at D:\projects\backend\proyecto-final\node_modules\express\lib\router\index.js:281:22
    at param (D:\projects\backend\proyecto-final\node_modules\express\lib\router\index.js:354:14)
    at param (D:\projects\backend\proyecto-final\node_modules\express\lib\router\index.js:365:14)
    at param (D:\projects\backend\proyecto-final\node_modules\express\lib\router\index.js:365:14)
    at Function.process_params (D:\projects\backend\proyecto-final\node_modules\express\lib\router\index.js:410:3)
[2022-04-17T20:22:42.869] [WARN] routeNotExist - TypeError: Cannot read properties of undefined (reading 'params')
    at deleteProductCart (file:///D:/projects/backend/proyecto-final/src/controllers/CartController.js:76:31)
    at Layer.handle [as handle_request] (D:\projects\backend\proyecto-final\node_modules\express\lib\router\layer.js:95:5)
    at next (D:\projects\backend\proyecto-final\node_modules\express\lib\router\route.js:137:13)
    at Route.dispatch (D:\projects\backend\proyecto-final\node_modules\express\lib\router\route.js:112:3)
    at Layer.handle [as handle_request] (D:\projects\backend\proyecto-final\node_modules\express\lib\router\layer.js:95:5)
    at D:\projects\backend\proyecto-final\node_modules\express\lib\router\index.js:281:22
    at param (D:\projects\backend\proyecto-final\node_modules\express\lib\router\index.js:354:14)
    at param (D:\projects\backend\proyecto-final\node_modules\express\lib\router\index.js:365:14)
    at param (D:\projects\backend\proyecto-final\node_modules\express\lib\router\index.js:365:14)
    at Function.process_params (D:\projects\backend\proyecto-final\node_modules\express\lib\router\index.js:410:3)
[2022-04-17T20:22:44.136] [WARN] routeNotExist - TypeError: Cannot read properties of undefined (reading 'params')
    at deleteProductCart (file:///D:/projects/backend/proyecto-final/src/controllers/CartController.js:76:31)
    at Layer.handle [as handle_request] (D:\projects\backend\proyecto-final\node_modules\express\lib\router\layer.js:95:5)
    at next (D:\projects\backend\proyecto-final\node_modules\express\lib\router\route.js:137:13)
    at Route.dispatch (D:\projects\backend\proyecto-final\node_modules\express\lib\router\route.js:112:3)
    at Layer.handle [as handle_request] (D:\projects\backend\proyecto-final\node_modules\express\lib\router\layer.js:95:5)
    at D:\projects\backend\proyecto-final\node_modules\express\lib\router\index.js:281:22
    at param (D:\projects\backend\proyecto-final\node_modules\express\lib\router\index.js:354:14)
    at param (D:\projects\backend\proyecto-final\node_modules\express\lib\router\index.js:365:14)
    at param (D:\projects\backend\proyecto-final\node_modules\express\lib\router\index.js:365:14)
    at Function.process_params (D:\projects\backend\proyecto-final\node_modules\express\lib\router\index.js:410:3)
[2022-04-17T20:55:36.601] [WARN] routeNotExist - TypeError: Cannot read properties of undefined (reading 'products')
    at getById (file:///D:/projects/backend/proyecto-final/src/controllers/CartController.js:38:65)
    at processTicksAndRejections (node:internal/process/task_queues:96:5)
[2022-04-19T07:21:02.332] [WARN] routeNotExist - SyntaxError: Unexpected end of JSON input
    at JSON.parse (<anonymous>)
    at emptyCart (file:///D:/projects/backend/proyecto-final/src/controllers/CartController.js:61:48)
    at Layer.handle [as handle_request] (D:\projects\backend\proyecto-final\node_modules\express\lib\router\layer.js:95:5)
    at next (D:\projects\backend\proyecto-final\node_modules\express\lib\router\route.js:137:13)
    at Route.dispatch (D:\projects\backend\proyecto-final\node_modules\express\lib\router\route.js:112:3)
    at Layer.handle [as handle_request] (D:\projects\backend\proyecto-final\node_modules\express\lib\router\layer.js:95:5)
    at D:\projects\backend\proyecto-final\node_modules\express\lib\router\index.js:281:22
    at param (D:\projects\backend\proyecto-final\node_modules\express\lib\router\index.js:354:14)
    at param (D:\projects\backend\proyecto-final\node_modules\express\lib\router\index.js:365:14)
    at Function.process_params (D:\projects\backend\proyecto-final\node_modules\express\lib\router\index.js:410:3)
[2022-04-19T07:21:40.575] [WARN] routeNotExist - SyntaxError: Unexpected end of JSON input
    at JSON.parse (<anonymous>)
    at emptyCart (file:///D:/projects/backend/proyecto-final/src/controllers/CartController.js:61:48)
    at Layer.handle [as handle_request] (D:\projects\backend\proyecto-final\node_modules\express\lib\router\layer.js:95:5)
    at next (D:\projects\backend\proyecto-final\node_modules\express\lib\router\route.js:137:13)
    at Route.dispatch (D:\projects\backend\proyecto-final\node_modules\express\lib\router\route.js:112:3)
    at Layer.handle [as handle_request] (D:\projects\backend\proyecto-final\node_modules\express\lib\router\layer.js:95:5)
    at D:\projects\backend\proyecto-final\node_modules\express\lib\router\index.js:281:22
    at param (D:\projects\backend\proyecto-final\node_modules\express\lib\router\index.js:354:14)
    at param (D:\projects\backend\proyecto-final\node_modules\express\lib\router\index.js:365:14)
    at Function.process_params (D:\projects\backend\proyecto-final\node_modules\express\lib\router\index.js:410:3)
[2022-04-19T07:21:43.536] [WARN] routeNotExist - SyntaxError: Unexpected end of JSON input
    at JSON.parse (<anonymous>)
    at emptyCart (file:///D:/projects/backend/proyecto-final/src/controllers/CartController.js:61:48)
    at Layer.handle [as handle_request] (D:\projects\backend\proyecto-final\node_modules\express\lib\router\layer.js:95:5)
    at next (D:\projects\backend\proyecto-final\node_modules\express\lib\router\route.js:137:13)
    at Route.dispatch (D:\projects\backend\proyecto-final\node_modules\express\lib\router\route.js:112:3)
    at Layer.handle [as handle_request] (D:\projects\backend\proyecto-final\node_modules\express\lib\router\layer.js:95:5)
    at D:\projects\backend\proyecto-final\node_modules\express\lib\router\index.js:281:22
    at param (D:\projects\backend\proyecto-final\node_modules\express\lib\router\index.js:354:14)
    at param (D:\projects\backend\proyecto-final\node_modules\express\lib\router\index.js:365:14)
    at Function.process_params (D:\projects\backend\proyecto-final\node_modules\express\lib\router\index.js:410:3)
[2022-04-19T07:23:42.703] [WARN] routeNotExist - SyntaxError: Unexpected end of JSON input
    at JSON.parse (<anonymous>)
    at emptyCart (file:///D:/projects/backend/proyecto-final/src/controllers/CartController.js:61:25)
    at Layer.handle [as handle_request] (D:\projects\backend\proyecto-final\node_modules\express\lib\router\layer.js:95:5)
    at next (D:\projects\backend\proyecto-final\node_modules\express\lib\router\route.js:137:13)
    at Route.dispatch (D:\projects\backend\proyecto-final\node_modules\express\lib\router\route.js:112:3)
    at Layer.handle [as handle_request] (D:\projects\backend\proyecto-final\node_modules\express\lib\router\layer.js:95:5)
    at D:\projects\backend\proyecto-final\node_modules\express\lib\router\index.js:281:22
    at param (D:\projects\backend\proyecto-final\node_modules\express\lib\router\index.js:354:14)
    at param (D:\projects\backend\proyecto-final\node_modules\express\lib\router\index.js:365:14)
    at Function.process_params (D:\projects\backend\proyecto-final\node_modules\express\lib\router\index.js:410:3)
[2022-04-19T07:24:25.053] [WARN] routeNotExist - SyntaxError: Unexpected end of JSON input
    at JSON.parse (<anonymous>)
    at emptyCart (file:///D:/projects/backend/proyecto-final/src/controllers/CartController.js:61:25)
    at Layer.handle [as handle_request] (D:\projects\backend\proyecto-final\node_modules\express\lib\router\layer.js:95:5)
    at next (D:\projects\backend\proyecto-final\node_modules\express\lib\router\route.js:137:13)
    at Route.dispatch (D:\projects\backend\proyecto-final\node_modules\express\lib\router\route.js:112:3)
    at Layer.handle [as handle_request] (D:\projects\backend\proyecto-final\node_modules\express\lib\router\layer.js:95:5)
    at D:\projects\backend\proyecto-final\node_modules\express\lib\router\index.js:281:22
    at param (D:\projects\backend\proyecto-final\node_modules\express\lib\router\index.js:354:14)
    at param (D:\projects\backend\proyecto-final\node_modules\express\lib\router\index.js:365:14)
    at Function.process_params (D:\projects\backend\proyecto-final\node_modules\express\lib\router\index.js:410:3)
[2022-04-19T07:42:46.171] [WARN] routeNotExist - ReferenceError: Cannot access 'cart' before initialization
    at emptyCart (file:///D:/projects/backend/proyecto-final/src/controllers/CartController.js:61:17)
    at Layer.handle [as handle_request] (D:\projects\backend\proyecto-final\node_modules\express\lib\router\layer.js:95:5)
    at next (D:\projects\backend\proyecto-final\node_modules\express\lib\router\route.js:137:13)
    at Route.dispatch (D:\projects\backend\proyecto-final\node_modules\express\lib\router\route.js:112:3)
    at Layer.handle [as handle_request] (D:\projects\backend\proyecto-final\node_modules\express\lib\router\layer.js:95:5)
    at D:\projects\backend\proyecto-final\node_modules\express\lib\router\index.js:281:22
    at param (D:\projects\backend\proyecto-final\node_modules\express\lib\router\index.js:354:14)
    at param (D:\projects\backend\proyecto-final\node_modules\express\lib\router\index.js:365:14)
    at Function.process_params (D:\projects\backend\proyecto-final\node_modules\express\lib\router\index.js:410:3)
    at next (D:\projects\backend\proyecto-final\node_modules\express\lib\router\index.js:275:10)
[2022-04-19T07:43:18.683] [WARN] routeNotExist - ReferenceError: Cannot access 'cart' before initialization
    at emptyCart (file:///D:/projects/backend/proyecto-final/src/controllers/CartController.js:61:17)
    at Layer.handle [as handle_request] (D:\projects\backend\proyecto-final\node_modules\express\lib\router\layer.js:95:5)
    at next (D:\projects\backend\proyecto-final\node_modules\express\lib\router\route.js:137:13)
    at Route.dispatch (D:\projects\backend\proyecto-final\node_modules\express\lib\router\route.js:112:3)
    at Layer.handle [as handle_request] (D:\projects\backend\proyecto-final\node_modules\express\lib\router\layer.js:95:5)
    at D:\projects\backend\proyecto-final\node_modules\express\lib\router\index.js:281:22
    at param (D:\projects\backend\proyecto-final\node_modules\express\lib\router\index.js:354:14)
    at param (D:\projects\backend\proyecto-final\node_modules\express\lib\router\index.js:365:14)
    at Function.process_params (D:\projects\backend\proyecto-final\node_modules\express\lib\router\index.js:410:3)
    at next (D:\projects\backend\proyecto-final\node_modules\express\lib\router\index.js:275:10)
[2022-04-19T07:43:20.571] [WARN] routeNotExist - ReferenceError: Cannot access 'cart' before initialization
    at emptyCart (file:///D:/projects/backend/proyecto-final/src/controllers/CartController.js:61:17)
    at Layer.handle [as handle_request] (D:\projects\backend\proyecto-final\node_modules\express\lib\router\layer.js:95:5)
    at next (D:\projects\backend\proyecto-final\node_modules\express\lib\router\route.js:137:13)
    at Route.dispatch (D:\projects\backend\proyecto-final\node_modules\express\lib\router\route.js:112:3)
    at Layer.handle [as handle_request] (D:\projects\backend\proyecto-final\node_modules\express\lib\router\layer.js:95:5)
    at D:\projects\backend\proyecto-final\node_modules\express\lib\router\index.js:281:22
    at param (D:\projects\backend\proyecto-final\node_modules\express\lib\router\index.js:354:14)
    at param (D:\projects\backend\proyecto-final\node_modules\express\lib\router\index.js:365:14)
    at Function.process_params (D:\projects\backend\proyecto-final\node_modules\express\lib\router\index.js:410:3)
    at next (D:\projects\backend\proyecto-final\node_modules\express\lib\router\index.js:275:10)
[2022-04-19T07:43:42.570] [WARN] routeNotExist - ReferenceError: Cannot access 'cart' before initialization
    at emptyCart (file:///D:/projects/backend/proyecto-final/src/controllers/CartController.js:61:17)
    at Layer.handle [as handle_request] (D:\projects\backend\proyecto-final\node_modules\express\lib\router\layer.js:95:5)
    at next (D:\projects\backend\proyecto-final\node_modules\express\lib\router\route.js:137:13)
    at Route.dispatch (D:\projects\backend\proyecto-final\node_modules\express\lib\router\route.js:112:3)
    at Layer.handle [as handle_request] (D:\projects\backend\proyecto-final\node_modules\express\lib\router\layer.js:95:5)
    at D:\projects\backend\proyecto-final\node_modules\express\lib\router\index.js:281:22
    at param (D:\projects\backend\proyecto-final\node_modules\express\lib\router\index.js:354:14)
    at param (D:\projects\backend\proyecto-final\node_modules\express\lib\router\index.js:365:14)
    at Function.process_params (D:\projects\backend\proyecto-final\node_modules\express\lib\router\index.js:410:3)
    at next (D:\projects\backend\proyecto-final\node_modules\express\lib\router\index.js:275:10)
[2022-04-19T07:43:43.867] [WARN] routeNotExist - ReferenceError: Cannot access 'cart' before initialization
    at emptyCart (file:///D:/projects/backend/proyecto-final/src/controllers/CartController.js:61:17)
    at Layer.handle [as handle_request] (D:\projects\backend\proyecto-final\node_modules\express\lib\router\layer.js:95:5)
    at next (D:\projects\backend\proyecto-final\node_modules\express\lib\router\route.js:137:13)
    at Route.dispatch (D:\projects\backend\proyecto-final\node_modules\express\lib\router\route.js:112:3)
    at Layer.handle [as handle_request] (D:\projects\backend\proyecto-final\node_modules\express\lib\router\layer.js:95:5)
    at D:\projects\backend\proyecto-final\node_modules\express\lib\router\index.js:281:22
    at param (D:\projects\backend\proyecto-final\node_modules\express\lib\router\index.js:354:14)
    at param (D:\projects\backend\proyecto-final\node_modules\express\lib\router\index.js:365:14)
    at Function.process_params (D:\projects\backend\proyecto-final\node_modules\express\lib\router\index.js:410:3)
    at next (D:\projects\backend\proyecto-final\node_modules\express\lib\router\index.js:275:10)
[2022-04-19T07:43:44.902] [WARN] routeNotExist - ReferenceError: Cannot access 'cart' before initialization
    at emptyCart (file:///D:/projects/backend/proyecto-final/src/controllers/CartController.js:61:17)
    at Layer.handle [as handle_request] (D:\projects\backend\proyecto-final\node_modules\express\lib\router\layer.js:95:5)
    at next (D:\projects\backend\proyecto-final\node_modules\express\lib\router\route.js:137:13)
    at Route.dispatch (D:\projects\backend\proyecto-final\node_modules\express\lib\router\route.js:112:3)
    at Layer.handle [as handle_request] (D:\projects\backend\proyecto-final\node_modules\express\lib\router\layer.js:95:5)
    at D:\projects\backend\proyecto-final\node_modules\express\lib\router\index.js:281:22
    at param (D:\projects\backend\proyecto-final\node_modules\express\lib\router\index.js:354:14)
    at param (D:\projects\backend\proyecto-final\node_modules\express\lib\router\index.js:365:14)
    at Function.process_params (D:\projects\backend\proyecto-final\node_modules\express\lib\router\index.js:410:3)
    at next (D:\projects\backend\proyecto-final\node_modules\express\lib\router\index.js:275:10)
[2022-04-19T07:44:03.095] [WARN] routeNotExist - ReferenceError: Cannot access 'cart' before initialization
    at emptyCart (file:///D:/projects/backend/proyecto-final/src/controllers/CartController.js:61:17)
    at Layer.handle [as handle_request] (D:\projects\backend\proyecto-final\node_modules\express\lib\router\layer.js:95:5)
    at next (D:\projects\backend\proyecto-final\node_modules\express\lib\router\route.js:137:13)
    at Route.dispatch (D:\projects\backend\proyecto-final\node_modules\express\lib\router\route.js:112:3)
    at Layer.handle [as handle_request] (D:\projects\backend\proyecto-final\node_modules\express\lib\router\layer.js:95:5)
    at D:\projects\backend\proyecto-final\node_modules\express\lib\router\index.js:281:22
    at param (D:\projects\backend\proyecto-final\node_modules\express\lib\router\index.js:354:14)
    at param (D:\projects\backend\proyecto-final\node_modules\express\lib\router\index.js:365:14)
    at Function.process_params (D:\projects\backend\proyecto-final\node_modules\express\lib\router\index.js:410:3)
    at next (D:\projects\backend\proyecto-final\node_modules\express\lib\router\index.js:275:10)
[2022-04-19T07:45:16.563] [WARN] routeNotExist - ReferenceError: Cannot access 'cart' before initialization
    at emptyCart (file:///D:/projects/backend/proyecto-final/src/controllers/CartController.js:61:17)
    at Layer.handle [as handle_request] (D:\projects\backend\proyecto-final\node_modules\express\lib\router\layer.js:95:5)
    at next (D:\projects\backend\proyecto-final\node_modules\express\lib\router\route.js:137:13)
    at Route.dispatch (D:\projects\backend\proyecto-final\node_modules\express\lib\router\route.js:112:3)
    at Layer.handle [as handle_request] (D:\projects\backend\proyecto-final\node_modules\express\lib\router\layer.js:95:5)
    at D:\projects\backend\proyecto-final\node_modules\express\lib\router\index.js:281:22
    at param (D:\projects\backend\proyecto-final\node_modules\express\lib\router\index.js:354:14)
    at param (D:\projects\backend\proyecto-final\node_modules\express\lib\router\index.js:365:14)
    at Function.process_params (D:\projects\backend\proyecto-final\node_modules\express\lib\router\index.js:410:3)
    at next (D:\projects\backend\proyecto-final\node_modules\express\lib\router\index.js:275:10)
[2022-04-19T07:45:44.118] [WARN] routeNotExist - ReferenceError: Cannot access 'cart' before initialization
    at emptyCart (file:///D:/projects/backend/proyecto-final/src/controllers/CartController.js:61:17)
    at Layer.handle [as handle_request] (D:\projects\backend\proyecto-final\node_modules\express\lib\router\layer.js:95:5)
    at next (D:\projects\backend\proyecto-final\node_modules\express\lib\router\route.js:137:13)
    at Route.dispatch (D:\projects\backend\proyecto-final\node_modules\express\lib\router\route.js:112:3)
    at Layer.handle [as handle_request] (D:\projects\backend\proyecto-final\node_modules\express\lib\router\layer.js:95:5)
    at D:\projects\backend\proyecto-final\node_modules\express\lib\router\index.js:281:22
    at param (D:\projects\backend\proyecto-final\node_modules\express\lib\router\index.js:354:14)
    at param (D:\projects\backend\proyecto-final\node_modules\express\lib\router\index.js:365:14)
    at Function.process_params (D:\projects\backend\proyecto-final\node_modules\express\lib\router\index.js:410:3)
    at next (D:\projects\backend\proyecto-final\node_modules\express\lib\router\index.js:275:10)
[2022-04-19T07:46:14.540] [WARN] routeNotExist - ReferenceError: Cannot access 'cart' before initialization
    at emptyCart (file:///D:/projects/backend/proyecto-final/src/controllers/CartController.js:61:17)
    at Layer.handle [as handle_request] (D:\projects\backend\proyecto-final\node_modules\express\lib\router\layer.js:95:5)
    at next (D:\projects\backend\proyecto-final\node_modules\express\lib\router\route.js:137:13)
    at Route.dispatch (D:\projects\backend\proyecto-final\node_modules\express\lib\router\route.js:112:3)
    at Layer.handle [as handle_request] (D:\projects\backend\proyecto-final\node_modules\express\lib\router\layer.js:95:5)
    at D:\projects\backend\proyecto-final\node_modules\express\lib\router\index.js:281:22
    at param (D:\projects\backend\proyecto-final\node_modules\express\lib\router\index.js:354:14)
    at param (D:\projects\backend\proyecto-final\node_modules\express\lib\router\index.js:365:14)
    at Function.process_params (D:\projects\backend\proyecto-final\node_modules\express\lib\router\index.js:410:3)
    at next (D:\projects\backend\proyecto-final\node_modules\express\lib\router\index.js:275:10)
[2022-04-19T07:47:54.455] [WARN] routeNotExist - ReferenceError: Cannot access 'cart' before initialization
    at emptyCart (file:///D:/projects/backend/proyecto-final/src/controllers/CartController.js:61:17)
    at Layer.handle [as handle_request] (D:\projects\backend\proyecto-final\node_modules\express\lib\router\layer.js:95:5)
    at next (D:\projects\backend\proyecto-final\node_modules\express\lib\router\route.js:137:13)
    at Route.dispatch (D:\projects\backend\proyecto-final\node_modules\express\lib\router\route.js:112:3)
    at Layer.handle [as handle_request] (D:\projects\backend\proyecto-final\node_modules\express\lib\router\layer.js:95:5)
    at D:\projects\backend\proyecto-final\node_modules\express\lib\router\index.js:281:22
    at param (D:\projects\backend\proyecto-final\node_modules\express\lib\router\index.js:354:14)
    at param (D:\projects\backend\proyecto-final\node_modules\express\lib\router\index.js:365:14)
    at Function.process_params (D:\projects\backend\proyecto-final\node_modules\express\lib\router\index.js:410:3)
    at next (D:\projects\backend\proyecto-final\node_modules\express\lib\router\index.js:275:10)
[2022-04-19T07:48:34.917] [WARN] routeNotExist - ReferenceError: Cannot access 'cart' before initialization
    at emptyCart (file:///D:/projects/backend/proyecto-final/src/controllers/CartController.js:61:17)
    at Layer.handle [as handle_request] (D:\projects\backend\proyecto-final\node_modules\express\lib\router\layer.js:95:5)
    at next (D:\projects\backend\proyecto-final\node_modules\express\lib\router\route.js:137:13)
    at Route.dispatch (D:\projects\backend\proyecto-final\node_modules\express\lib\router\route.js:112:3)
    at Layer.handle [as handle_request] (D:\projects\backend\proyecto-final\node_modules\express\lib\router\layer.js:95:5)
    at D:\projects\backend\proyecto-final\node_modules\express\lib\router\index.js:281:22
    at param (D:\projects\backend\proyecto-final\node_modules\express\lib\router\index.js:354:14)
    at param (D:\projects\backend\proyecto-final\node_modules\express\lib\router\index.js:365:14)
    at Function.process_params (D:\projects\backend\proyecto-final\node_modules\express\lib\router\index.js:410:3)
    at next (D:\projects\backend\proyecto-final\node_modules\express\lib\router\index.js:275:10)
[2022-04-19T07:49:04.930] [WARN] routeNotExist - ReferenceError: Cannot access 'cart' before initialization
    at emptyCart (file:///D:/projects/backend/proyecto-final/src/controllers/CartController.js:61:17)
    at Layer.handle [as handle_request] (D:\projects\backend\proyecto-final\node_modules\express\lib\router\layer.js:95:5)
    at next (D:\projects\backend\proyecto-final\node_modules\express\lib\router\route.js:137:13)
    at Route.dispatch (D:\projects\backend\proyecto-final\node_modules\express\lib\router\route.js:112:3)
    at Layer.handle [as handle_request] (D:\projects\backend\proyecto-final\node_modules\express\lib\router\layer.js:95:5)
    at D:\projects\backend\proyecto-final\node_modules\express\lib\router\index.js:281:22
    at param (D:\projects\backend\proyecto-final\node_modules\express\lib\router\index.js:354:14)
    at param (D:\projects\backend\proyecto-final\node_modules\express\lib\router\index.js:365:14)
    at Function.process_params (D:\projects\backend\proyecto-final\node_modules\express\lib\router\index.js:410:3)
    at next (D:\projects\backend\proyecto-final\node_modules\express\lib\router\index.js:275:10)
[2022-04-19T07:49:43.529] [WARN] routeNotExist - ReferenceError: Cannot access 'cart' before initialization
    at emptyCart (file:///D:/projects/backend/proyecto-final/src/controllers/CartController.js:61:17)
    at Layer.handle [as handle_request] (D:\projects\backend\proyecto-final\node_modules\express\lib\router\layer.js:95:5)
    at next (D:\projects\backend\proyecto-final\node_modules\express\lib\router\route.js:137:13)
    at Route.dispatch (D:\projects\backend\proyecto-final\node_modules\express\lib\router\route.js:112:3)
    at Layer.handle [as handle_request] (D:\projects\backend\proyecto-final\node_modules\express\lib\router\layer.js:95:5)
    at D:\projects\backend\proyecto-final\node_modules\express\lib\router\index.js:281:22
    at param (D:\projects\backend\proyecto-final\node_modules\express\lib\router\index.js:354:14)
    at param (D:\projects\backend\proyecto-final\node_modules\express\lib\router\index.js:365:14)
    at Function.process_params (D:\projects\backend\proyecto-final\node_modules\express\lib\router\index.js:410:3)
    at next (D:\projects\backend\proyecto-final\node_modules\express\lib\router\index.js:275:10)
[2022-04-19T07:49:45.271] [WARN] routeNotExist - ReferenceError: Cannot access 'cart' before initialization
    at emptyCart (file:///D:/projects/backend/proyecto-final/src/controllers/CartController.js:61:17)
    at Layer.handle [as handle_request] (D:\projects\backend\proyecto-final\node_modules\express\lib\router\layer.js:95:5)
    at next (D:\projects\backend\proyecto-final\node_modules\express\lib\router\route.js:137:13)
    at Route.dispatch (D:\projects\backend\proyecto-final\node_modules\express\lib\router\route.js:112:3)
    at Layer.handle [as handle_request] (D:\projects\backend\proyecto-final\node_modules\express\lib\router\layer.js:95:5)
    at D:\projects\backend\proyecto-final\node_modules\express\lib\router\index.js:281:22
    at param (D:\projects\backend\proyecto-final\node_modules\express\lib\router\index.js:354:14)
    at param (D:\projects\backend\proyecto-final\node_modules\express\lib\router\index.js:365:14)
    at Function.process_params (D:\projects\backend\proyecto-final\node_modules\express\lib\router\index.js:410:3)
    at next (D:\projects\backend\proyecto-final\node_modules\express\lib\router\index.js:275:10)
[2022-04-19T07:49:49.696] [WARN] routeNotExist - ReferenceError: Cannot access 'cart' before initialization
    at emptyCart (file:///D:/projects/backend/proyecto-final/src/controllers/CartController.js:61:17)
    at Layer.handle [as handle_request] (D:\projects\backend\proyecto-final\node_modules\express\lib\router\layer.js:95:5)
    at next (D:\projects\backend\proyecto-final\node_modules\express\lib\router\route.js:137:13)
    at Route.dispatch (D:\projects\backend\proyecto-final\node_modules\express\lib\router\route.js:112:3)
    at Layer.handle [as handle_request] (D:\projects\backend\proyecto-final\node_modules\express\lib\router\layer.js:95:5)
    at D:\projects\backend\proyecto-final\node_modules\express\lib\router\index.js:281:22
    at param (D:\projects\backend\proyecto-final\node_modules\express\lib\router\index.js:354:14)
    at param (D:\projects\backend\proyecto-final\node_modules\express\lib\router\index.js:365:14)
    at Function.process_params (D:\projects\backend\proyecto-final\node_modules\express\lib\router\index.js:410:3)
    at next (D:\projects\backend\proyecto-final\node_modules\express\lib\router\index.js:275:10)
[2022-04-19T07:50:32.237] [WARN] routeNotExist - ReferenceError: Cannot access 'cart' before initialization
    at emptyCart (file:///D:/projects/backend/proyecto-final/src/controllers/CartController.js:61:17)
    at Layer.handle [as handle_request] (D:\projects\backend\proyecto-final\node_modules\express\lib\router\layer.js:95:5)
    at next (D:\projects\backend\proyecto-final\node_modules\express\lib\router\route.js:137:13)
    at Route.dispatch (D:\projects\backend\proyecto-final\node_modules\express\lib\router\route.js:112:3)
    at Layer.handle [as handle_request] (D:\projects\backend\proyecto-final\node_modules\express\lib\router\layer.js:95:5)
    at D:\projects\backend\proyecto-final\node_modules\express\lib\router\index.js:281:22
    at param (D:\projects\backend\proyecto-final\node_modules\express\lib\router\index.js:354:14)
    at param (D:\projects\backend\proyecto-final\node_modules\express\lib\router\index.js:365:14)
    at Function.process_params (D:\projects\backend\proyecto-final\node_modules\express\lib\router\index.js:410:3)
    at next (D:\projects\backend\proyecto-final\node_modules\express\lib\router\index.js:275:10)
